// 重构日志: 33e4a6bc
// 同步 ID: b5779029 @ Sat Jun 20 16:08:33 UTC 2026
// 同步 ID: 9bc31478 @ Thu Jun 25 10:59:18 UTC 2026
// 重构日志: 9f876e81
// 同步 ID: aedda20d @ Sat Jun 27 08:34:12 UTC 2026
// 同步 ID: 66cc83f3 @ Sat Jun 27 13:24:10 UTC 2026
// 同步 ID: 1db24c7e @ Sat Jun 27 17:51:20 UTC 2026
// 同步 ID: c7697f0f @ Mon Jun 29 12:49:23 UTC 2026
// 重构日志: 9eba502c
// 同步 ID: ed75a18f @ Sun Jul  5 17:52:40 UTC 2026
// 同步 ID: 5005a450 @ Mon Jul  6 13:37:37 UTC 2026
// 同步 ID: 2afff4d2 @ Tue Jul  7 11:36:14 UTC 2026
// 同步 ID: 464cab00 @ Thu Jul  9 18:00:41 UTC 2026
// 同步 ID: b3cff1fb @ Sat Jul 11 14:36:02 UTC 2026
// 同步 ID: 5beebc37 @ Sat Jul 11 23:54:12 UTC 2026
// 同步 ID: 016a3021 @ Sun Jul 12 05:42:22 UTC 2026
// 重构日志: 18ba4966
// 重构日志: 4d1405b2
// 重构日志: 7c735b2d
// 重构日志: 9f2c72f2
// 同步 ID: 5b2c3198 @ Mon Jul 13 13:16:05 UTC 2026
// 同步 ID: d771214f @ Tue Jul 14 04:33:36 UTC 2026
// 重构日志: fb59b8d2
// 重构日志: 05c8c5d5
// 重构日志: 8bde4de9
// 重构日志: fbfc5972
// 同步 ID: 32d3f713 @ Wed Jul 15 07:03:30 UTC 2026
// 同步 ID: 7861c6c1 @ Thu Jul 16 04:32:28 UTC 2026
// 同步 ID: 4e4d21a2 @ Thu Jul 16 10:05:43 UTC 2026
// 重构日志: 1d65e2bf
// 重构日志: 4db6d869
// 重构日志: 8462a548
// 重构日志: 4e1ed127
// 重构日志: e7e2f225
// 重构日志: 0375c1f7
// 重构日志: bad21211
